<?xml version="1.0" encoding="UTF-8"?>
<testsuite xmlns:xsi="http://www.w3.org/2001/XMLSchema-instance" xsi:noNamespaceSchemaLocation="https://maven.apache.org/surefire/maven-surefire-plugin/xsd/surefire-test-report-3.0.xsd" version="3.0" name="com.hasib.organization.OrganizationApplicationTests" time="6.16" tests="1" errors="0" skipped="0" failures="0">
  <properties>
[...]
</properties>
  <testcase name="contextLoads" classname="com.hasib.organization.OrganizationApplicationTests" time="0.42">
    <system-out><![CDATA[15:44:47.930 [main] INFO org.springframework.test.context.support.AnnotationConfigContextLoaderUtils -- Could not detect default configuration classes for test class [com.hasib.organization.OrganizationApplicationTests]: OrganizationApplicationTests does not declare any static, non-private, non-final, nested classes annotated with @Configuration.
15:44:48.004 [main] INFO org.springframework.boot.test.context.SpringBootTestContextBootstrapper -- Found @SpringBootConfiguration com.hasib.organization.OrganizationApplication for test class com.hasib.organization.OrganizationApplicationTests

  .   ____          _            __ _ _
 /\\ / ___'_ __ _ _(_)_ __  __ _ \ \ \ \
( ( )\___ | '_ | '_| | '_ \/ _` | \ \ \ \
 \\/  ___)| |_)| | | | | || (_| |  ) ) ) )
  '  |____| .__|_| |_|_| |_\__, | / / / /
 =========|_|==============|___/=/_/_/_/
 :: Spring Boot ::                (v3.1.0)

2023-06-18T15:44:48.279+06:00  INFO 10280 --- [           main] c.h.o.OrganizationApplicationTests       : Starting OrganizationApplicationTests using Java 17.0.7 with PID 10280 (started by shanto in /home/shanto/Documents/ecommerce/backend/organization)
2023-06-18T15:44:48.280+06:00  INFO 10280 --- [           main] c.h.o.OrganizationApplicationTests       : No active profile set, falling back to 1 default profile: "default"
2023-06-18T15:44:49.352+06:00  INFO 10280 --- [           main] .s.d.r.c.RepositoryConfigurationDelegate : Bootstrapping Spring Data JPA repositories in DEFAULT mode.
2023-06-18T15:44:49.480+06:00  INFO 10280 --- [           main] .s.d.r.c.RepositoryConfigurationDelegate : Finished Spring Data repository scanning in 120 ms. Found 7 JPA repository interfaces.
2023-06-18T15:44:49.888+06:00  INFO 10280 --- [           main] o.hibernate.jpa.internal.util.LogHelper  : HHH000204: Processing PersistenceUnitInfo [name: default]
2023-06-18T15:44:49.918+06:00  INFO 10280 --- [           main] org.hibernate.Version                    : HHH000412: Hibernate ORM core version 6.2.2.Final
2023-06-18T15:44:49.920+06:00  INFO 10280 --- [           main] org.hibernate.cfg.Environment            : HHH000406: Using bytecode reflection optimizer
2023-06-18T15:44:50.003+06:00  INFO 10280 --- [           main] o.h.b.i.BytecodeProviderInitiator        : HHH000021: Bytecode provider name : bytebuddy
2023-06-18T15:44:50.081+06:00  INFO 10280 --- [           main] o.s.o.j.p.SpringPersistenceUnitInfo      : No LoadTimeWeaver setup: ignoring JPA class transformer
2023-06-18T15:44:50.092+06:00  INFO 10280 --- [           main] com.zaxxer.hikari.HikariDataSource       : HikariPool-1 - Starting...
2023-06-18T15:44:50.295+06:00  INFO 10280 --- [           main] com.zaxxer.hikari.pool.HikariPool        : HikariPool-1 - Added connection org.postgresql.jdbc.PgConnection@6a543e09
2023-06-18T15:44:50.296+06:00  INFO 10280 --- [           main] com.zaxxer.hikari.HikariDataSource       : HikariPool-1 - Start completed.
2023-06-18T15:44:50.325+06:00  INFO 10280 --- [           main] org.hibernate.orm.dialect                : HHH035001: Using dialect: org.hibernate.dialect.PostgreSQLDialect, version: org.hibernate.engine.jdbc.env.internal.JdbcEnvironmentInitiator$DialectResolutionInfoImpl@6b6fd0
2023-06-18T15:44:50.560+06:00  INFO 10280 --- [           main] o.h.b.i.BytecodeProviderInitiator        : HHH000021: Bytecode provider name : bytebuddy
2023-06-18T15:44:51.258+06:00  INFO 10280 --- [           main] o.h.e.t.j.p.i.JtaPlatformInitiator       : HHH000490: Using JtaPlatform implementation: [org.hibernate.engine.transaction.jta.platform.internal.NoJtaPlatform]
Hibernate: alter table if exists otp_verifications alter column expiration_time set data type timestamp(6)
Hibernate: alter table if exists products alter column price set data type float(53)
Hibernate: alter table if exists products alter column quantity set data type float(53)
Hibernate: alter table if exists purchase_items alter column price set data type float(53)
Hibernate: alter table if exists purchase_items alter column quantity set data type float(53)
Hibernate: alter table if exists purchases alter column purchased_at set data type timestamp(6)
Hibernate: alter table if exists purchases alter column total_amount set data type float(53)
2023-06-18T15:44:51.369+06:00  INFO 10280 --- [           main] j.LocalContainerEntityManagerFactoryBean : Initialized JPA EntityManagerFactory for persistence unit 'default'
2023-06-18T15:44:52.149+06:00  WARN 10280 --- [           main] JpaBaseConfiguration$JpaWebConfiguration : spring.jpa.open-in-view is enabled by default. Therefore, database queries may be performed during view rendering. Explicitly configure spring.jpa.open-in-view to disable this warning
2023-06-18T15:44:53.064+06:00  INFO 10280 --- [           main] o.s.b.a.e.web.EndpointLinksResolver      : Exposing 1 endpoint(s) beneath base path '/actuator'
2023-06-18T15:44:53.099+06:00  INFO 10280 --- [           main] o.s.s.web.DefaultSecurityFilterChain     : Will secure any request with [org.springframework.security.web.session.DisableEncodeUrlFilter@498102a4, org.springframework.security.web.context.request.async.WebAsyncManagerIntegrationFilter@8829ecd, org.springframework.security.web.context.SecurityContextHolderFilter@7720334e, org.springframework.security.web.header.HeaderWriterFilter@2f341732, org.springframework.web.filter.CorsFilter@1985f8e3, org.springframework.security.web.authentication.logout.LogoutFilter@5910c67e, com.hasib.organization.security.JwtAuthenticationFilter@22cf6c9c, org.springframework.security.web.authentication.www.BasicAuthenticationFilter@10fa270e, org.springframework.security.web.savedrequest.RequestCacheAwareFilter@aec9672, org.springframework.security.web.servletapi.SecurityContextHolderAwareRequestFilter@761d679f, org.springframework.security.web.authentication.AnonymousAuthenticationFilter@7ba70b3b, org.springframework.security.web.session.SessionManagementFilter@1bc80978, org.springframework.security.web.access.ExceptionTranslationFilter@26e588b7, org.springframework.security.web.access.intercept.AuthorizationFilter@7d96618]
2023-06-18T15:44:53.482+06:00  INFO 10280 --- [           main] c.h.o.OrganizationApplicationTests       : Started OrganizationApplicationTests in 5.377 seconds (process running for 6.072)
org.springframework.web.reactive.function.client.WebClientResponseException$Unauthorized: 401 Unauthorized from POST http://localhost:8080/api/auth/login
]]></system-out>
  </testcase>
</testsuite>